c:\users\hnomkeng pc\desktop\rathena15247\vcproj-13\map-server\debug\scanctx.obj
c:\users\hnomkeng pc\desktop\rathena15247\vcproj-13\map-server\debug\strbuf.obj
c:\users\hnomkeng pc\desktop\rathena15247\vcproj-13\map-server\debug\db.obj
c:\users\hnomkeng pc\desktop\rathena15247\vcproj-13\map-server\debug\mapindex.obj
c:\users\hnomkeng pc\desktop\rathena15247\vcproj-13\map-server\debug\mutex.obj
c:\users\hnomkeng pc\desktop\rathena15247\vcproj-13\map-server\debug\socket.obj
c:\users\hnomkeng pc\desktop\rathena15247\vcproj-13\map-server\debug\utils.obj
c:\users\hnomkeng pc\desktop\rathena15247\vcproj-13\map-server\debug\buyingstore.obj
c:\users\hnomkeng pc\desktop\rathena15247\vcproj-13\map-server\debug\chrif.obj
c:\users\hnomkeng pc\desktop\rathena15247\vcproj-13\map-server\debug\itemdb.obj
c:\users\hnomkeng pc\desktop\rathena15247\vcproj-13\map-server\debug\mail.obj
c:\users\hnomkeng pc\desktop\rathena15247\vcproj-13\map-server\debug\mapreg.obj
c:\users\hnomkeng pc\desktop\rathena15247\vcproj-13\map-server\debug\instance.obj
c:\users\hnomkeng pc\desktop\rathena15247\vcproj-13\map-server\debug\party.obj
c:\users\hnomkeng pc\desktop\rathena15247\vcproj-13\map-server\debug\quest.obj
c:\users\hnomkeng pc\desktop\rathena15247\vcproj-13\map-server\debug\status.obj
c:\users\hnomkeng pc\desktop\rathena15247\vcproj-13\map-server\debug\trade.obj
c:\users\hnomkeng pc\desktop\rathena15247\vcproj-13\map-server\debug\libconfig.obj
c:\users\hnomkeng pc\desktop\rathena15247\vcproj-13\map-server\debug\mt19937ar.obj
c:\users\hnomkeng pc\desktop\rathena15247\vcproj-13\map-server\debug\core.obj
c:\users\hnomkeng pc\desktop\rathena15247\vcproj-13\map-server\debug\raconf.obj
c:\users\hnomkeng pc\desktop\rathena15247\vcproj-13\map-server\debug\showmsg.obj
c:\users\hnomkeng pc\desktop\rathena15247\vcproj-13\map-server\debug\timer.obj
c:\users\hnomkeng pc\desktop\rathena15247\vcproj-13\map-server\debug\battle.obj
c:\users\hnomkeng pc\desktop\rathena15247\vcproj-13\map-server\debug\chat.obj
c:\users\hnomkeng pc\desktop\rathena15247\vcproj-13\map-server\debug\clif.obj
c:\users\hnomkeng pc\desktop\rathena15247\vcproj-13\map-server\debug\mob.obj
c:\users\hnomkeng pc\desktop\rathena15247\vcproj-13\map-server\debug\pet.obj
c:\users\hnomkeng pc\desktop\rathena15247\vcproj-13\map-server\debug\searchstore.obj
c:\users\hnomkeng pc\desktop\rathena15247\vcproj-13\map-server\debug\storage.obj
c:\users\hnomkeng pc\desktop\rathena15247\vcproj-13\map-server\debug\unit.obj
c:\users\hnomkeng pc\desktop\rathena15247\vcproj-13\map-server\debug\grammar.obj
c:\users\hnomkeng pc\desktop\rathena15247\vcproj-13\map-server\debug\conf.obj
c:\users\hnomkeng pc\desktop\rathena15247\vcproj-13\map-server\debug\ers.obj
c:\users\hnomkeng pc\desktop\rathena15247\vcproj-13\map-server\debug\malloc.obj
c:\users\hnomkeng pc\desktop\rathena15247\vcproj-13\map-server\debug\mempool.obj
c:\users\hnomkeng pc\desktop\rathena15247\vcproj-13\map-server\debug\sql.obj
c:\users\hnomkeng pc\desktop\rathena15247\vcproj-13\map-server\debug\cli.obj
c:\users\hnomkeng pc\desktop\rathena15247\vcproj-13\map-server\debug\msg_conf.obj
c:\users\hnomkeng pc\desktop\rathena15247\vcproj-13\map-server\debug\battleground.obj
c:\users\hnomkeng pc\desktop\rathena15247\vcproj-13\map-server\debug\cashshop.obj
c:\users\hnomkeng pc\desktop\rathena15247\vcproj-13\map-server\debug\channel.obj
c:\users\hnomkeng pc\desktop\rathena15247\vcproj-13\map-server\debug\elemental.obj
c:\users\hnomkeng pc\desktop\rathena15247\vcproj-13\map-server\debug\intif.obj
c:\users\hnomkeng pc\desktop\rathena15247\vcproj-13\map-server\debug\homunculus.obj
c:\users\hnomkeng pc\desktop\rathena15247\vcproj-13\map-server\debug\mercenary.obj
c:\users\hnomkeng pc\desktop\rathena15247\vcproj-13\map-server\debug\npc_chat.obj
c:\users\hnomkeng pc\desktop\rathena15247\vcproj-13\map-server\debug\path.obj
c:\users\hnomkeng pc\desktop\rathena15247\vcproj-13\map-server\debug\pc_groups.obj
c:\users\hnomkeng pc\desktop\rathena15247\vcproj-13\map-server\debug\script.obj
c:\users\hnomkeng pc\desktop\rathena15247\vcproj-13\map-server\debug\vending.obj
c:\users\hnomkeng pc\desktop\rathena15247\vcproj-13\map-server\debug\scanner.obj
c:\users\hnomkeng pc\desktop\rathena15247\vcproj-13\map-server\debug\des.obj
c:\users\hnomkeng pc\desktop\rathena15247\vcproj-13\map-server\debug\grfio.obj
c:\users\hnomkeng pc\desktop\rathena15247\vcproj-13\map-server\debug\md5calc.obj
c:\users\hnomkeng pc\desktop\rathena15247\vcproj-13\map-server\debug\nullpo.obj
c:\users\hnomkeng pc\desktop\rathena15247\vcproj-13\map-server\debug\random.obj
c:\users\hnomkeng pc\desktop\rathena15247\vcproj-13\map-server\debug\strlib.obj
c:\users\hnomkeng pc\desktop\rathena15247\vcproj-13\map-server\debug\thread.obj
c:\users\hnomkeng pc\desktop\rathena15247\vcproj-13\map-server\debug\atcommand.obj
c:\users\hnomkeng pc\desktop\rathena15247\vcproj-13\map-server\debug\date.obj
c:\users\hnomkeng pc\desktop\rathena15247\vcproj-13\map-server\debug\duel.obj
c:\users\hnomkeng pc\desktop\rathena15247\vcproj-13\map-server\debug\guild.obj
c:\users\hnomkeng pc\desktop\rathena15247\vcproj-13\map-server\debug\log.obj
c:\users\hnomkeng pc\desktop\rathena15247\vcproj-13\map-server\debug\map.obj
c:\users\hnomkeng pc\desktop\rathena15247\vcproj-13\map-server\debug\npc.obj
c:\users\hnomkeng pc\desktop\rathena15247\vcproj-13\map-server\debug\pc.obj
c:\users\hnomkeng pc\desktop\rathena15247\vcproj-13\map-server\debug\skill.obj
c:\users\hnomkeng pc\desktop\rathena15247\vcproj-13\map-server\debug\vc120.pdb
c:\users\hnomkeng pc\desktop\rathena15247\map-server.ilk
c:\users\hnomkeng pc\desktop\rathena15247\map-server.exe
c:\users\hnomkeng pc\desktop\rathena15247\map-server.pdb
c:\users\hnomkeng pc\desktop\rathena15247\vcproj-13\map-server\debug\vc120.idb
c:\users\hnomkeng pc\desktop\rathena15247\vcproj-13\..\map-server.exe
c:\users\hnomkeng pc\desktop\rathena15247\vcproj-13\map-server\debug\map-server.tlog\cl.command.1.tlog
c:\users\hnomkeng pc\desktop\rathena15247\vcproj-13\map-server\debug\map-server.tlog\cl.read.1.tlog
c:\users\hnomkeng pc\desktop\rathena15247\vcproj-13\map-server\debug\map-server.tlog\cl.write.1.tlog
c:\users\hnomkeng pc\desktop\rathena15247\vcproj-13\map-server\debug\map-server.tlog\link.command.1.tlog
c:\users\hnomkeng pc\desktop\rathena15247\vcproj-13\map-server\debug\map-server.tlog\link.read.1.tlog
c:\users\hnomkeng pc\desktop\rathena15247\vcproj-13\map-server\debug\map-server.tlog\link.write.1.tlog
