c:\users\hnomkeng pc\desktop\rathena15247\vcproj-13\login-server\debug\libconfig.obj
c:\users\hnomkeng pc\desktop\rathena15247\vcproj-13\login-server\debug\thread.obj
c:\users\hnomkeng pc\desktop\rathena15247\vcproj-13\login-server\debug\ers.obj
c:\users\hnomkeng pc\desktop\rathena15247\vcproj-13\login-server\debug\md5calc.obj
c:\users\hnomkeng pc\desktop\rathena15247\vcproj-13\login-server\debug\random.obj
c:\users\hnomkeng pc\desktop\rathena15247\vcproj-13\login-server\debug\strlib.obj
c:\users\hnomkeng pc\desktop\rathena15247\vcproj-13\login-server\debug\cli.obj
c:\users\hnomkeng pc\desktop\rathena15247\vcproj-13\login-server\debug\account.obj
c:\users\hnomkeng pc\desktop\rathena15247\vcproj-13\login-server\debug\logincnslif.obj
c:\users\hnomkeng pc\desktop\rathena15247\vcproj-13\login-server\debug\loginlog.obj
c:\users\hnomkeng pc\desktop\rathena15247\vcproj-13\login-server\debug\grammar.obj
c:\users\hnomkeng pc\desktop\rathena15247\vcproj-13\login-server\debug\mt19937ar.obj
c:\users\hnomkeng pc\desktop\rathena15247\vcproj-13\login-server\debug\raconf.obj
c:\users\hnomkeng pc\desktop\rathena15247\vcproj-13\login-server\debug\core.obj
c:\users\hnomkeng pc\desktop\rathena15247\vcproj-13\login-server\debug\nullpo.obj
c:\users\hnomkeng pc\desktop\rathena15247\vcproj-13\login-server\debug\sql.obj
c:\users\hnomkeng pc\desktop\rathena15247\vcproj-13\login-server\debug\msg_conf.obj
c:\users\hnomkeng pc\desktop\rathena15247\vcproj-13\login-server\debug\ipban.obj
c:\users\hnomkeng pc\desktop\rathena15247\vcproj-13\login-server\debug\loginchrif.obj
c:\users\hnomkeng pc\desktop\rathena15247\vcproj-13\login-server\debug\scanner.obj
c:\users\hnomkeng pc\desktop\rathena15247\vcproj-13\login-server\debug\mutex.obj
c:\users\hnomkeng pc\desktop\rathena15247\vcproj-13\login-server\debug\conf.obj
c:\users\hnomkeng pc\desktop\rathena15247\vcproj-13\login-server\debug\malloc.obj
c:\users\hnomkeng pc\desktop\rathena15247\vcproj-13\login-server\debug\socket.obj
c:\users\hnomkeng pc\desktop\rathena15247\vcproj-13\login-server\debug\utils.obj
c:\users\hnomkeng pc\desktop\rathena15247\vcproj-13\login-server\debug\loginclif.obj
c:\users\hnomkeng pc\desktop\rathena15247\vcproj-13\login-server\debug\scanctx.obj
c:\users\hnomkeng pc\desktop\rathena15247\vcproj-13\login-server\debug\strbuf.obj
c:\users\hnomkeng pc\desktop\rathena15247\vcproj-13\login-server\debug\mempool.obj
c:\users\hnomkeng pc\desktop\rathena15247\vcproj-13\login-server\debug\db.obj
c:\users\hnomkeng pc\desktop\rathena15247\vcproj-13\login-server\debug\showmsg.obj
c:\users\hnomkeng pc\desktop\rathena15247\vcproj-13\login-server\debug\timer.obj
c:\users\hnomkeng pc\desktop\rathena15247\vcproj-13\login-server\debug\login.obj
c:\users\hnomkeng pc\desktop\rathena15247\vcproj-13\login-server\debug\vc120.pdb
c:\users\hnomkeng pc\desktop\rathena15247\login-server.ilk
c:\users\hnomkeng pc\desktop\rathena15247\login-server.exe
c:\users\hnomkeng pc\desktop\rathena15247\login-server.pdb
c:\users\hnomkeng pc\desktop\rathena15247\vcproj-13\login-server\debug\vc120.idb
c:\users\hnomkeng pc\desktop\rathena15247\vcproj-13\..\login-server.exe
c:\users\hnomkeng pc\desktop\rathena15247\vcproj-13\login-server\debug\login-server.tlog\cl.command.1.tlog
c:\users\hnomkeng pc\desktop\rathena15247\vcproj-13\login-server\debug\login-server.tlog\cl.read.1.tlog
c:\users\hnomkeng pc\desktop\rathena15247\vcproj-13\login-server\debug\login-server.tlog\cl.write.1.tlog
c:\users\hnomkeng pc\desktop\rathena15247\vcproj-13\login-server\debug\login-server.tlog\link.command.1.tlog
c:\users\hnomkeng pc\desktop\rathena15247\vcproj-13\login-server\debug\login-server.tlog\link.read.1.tlog
c:\users\hnomkeng pc\desktop\rathena15247\vcproj-13\login-server\debug\login-server.tlog\link.write.1.tlog
